# JRE version: Java(TM) SE Runtime Environment (8.0_211-b12) (build 1.8.0_211-b12)
# Java VM: Java HotSpot(TM) 64-Bit Server VM (25.211-b12 mixed mode windows-amd64 compressed oops)
Heap:
 PSYoungGen      total 283136K, used 116190K [0x000000076b780000, 0x0000000782500000, 0x00000007c0000000)
  eden space 215552K, 24% used [0x000000076b780000,0x000000076eb885a8,0x0000000778a00000)
  from space 67584K, 93% used [0x0000000778a00000,0x000000077c76f2f8,0x000000077cc00000)
  to   space 44544K, 0% used [0x000000077cc00000,0x000000077cc00000,0x000000077f780000)
 ParOldGen       total 230912K, used 151558K [0x00000006c2600000, 0x00000006d0780000, 0x000000076b780000)
  object space 230912K, 65% used [0x00000006c2600000,0x00000006cba01a68,0x00000006d0780000)
 Metaspace       used 34688K, capacity 35300K, committed 35584K, reserved 1079296K
  class space    used 4842K, capacity 5016K, committed 5120K, reserved 1048576K
GC Heap History (10 events):
Event: 32.018 GC heap before
{Heap before GC invocations=11 (full 1):
 PSYoungGen      total 116736K, used 115841K [0x000000076b780000, 0x0000000777f80000, 0x00000007c0000000)
  eden space 100864K, 99% used [0x000000076b780000,0x0000000771922bf8,0x0000000771a00000)
  from space 15872K, 99% used [0x0000000771a00000,0x000000077297d908,0x0000000772980000)
  to   space 25088K, 0% used [0x0000000776700000,0x0000000776700000,0x0000000777f80000)
 ParOldGen       total 92160K, used 30013K [0x00000006c2600000, 0x00000006c8000000, 0x000000076b780000)
  object space 92160K, 32% used [0x00000006c2600000,0x00000006c434f5e0,0x00000006c8000000)
 Metaspace       used 26227K, capacity 26592K, committed 27136K, reserved 1073152K
  class space    used 3116K, capacity 3220K, committed 3328K, reserved 1048576K
Event: 32.028 GC heap after
Heap after GC invocations=11 (full 1):
 PSYoungGen      total 176128K, used 23275K [0x000000076b780000, 0x0000000778c00000, 0x00000007c0000000)
  eden space 151040K, 0% used [0x000000076b780000,0x000000076b780000,0x0000000774b00000)
  from space 25088K, 92% used [0x0000000776700000,0x0000000777dbaf18,0x0000000777f80000)
  to   space 28672K, 0% used [0x0000000774b00000,0x0000000774b00000,0x0000000776700000)
 ParOldGen       total 92160K, used 39926K [0x00000006c2600000, 0x00000006c8000000, 0x000000076b780000)
  object space 92160K, 43% used [0x00000006c2600000,0x00000006c4cfd918,0x00000006c8000000)
 Metaspace       used 26227K, capacity 26592K, committed 27136K, reserved 1073152K
  class space    used 3116K, capacity 3220K, committed 3328K, reserved 1048576K
}
Event: 32.378 GC heap before
{Heap before GC invocations=12 (full 1):
 PSYoungGen      total 176128K, used 174315K [0x000000076b780000, 0x0000000778c00000, 0x00000007c0000000)
  eden space 151040K, 100% used [0x000000076b780000,0x0000000774b00000,0x0000000774b00000)
  from space 25088K, 92% used [0x0000000776700000,0x0000000777dbaf18,0x0000000777f80000)
  to   space 28672K, 0% used [0x0000000774b00000,0x0000000774b00000,0x0000000776700000)
 ParOldGen       total 92160K, used 39926K [0x00000006c2600000, 0x00000006c8000000, 0x000000076b780000)
  object space 92160K, 43% used [0x00000006c2600000,0x00000006c4cfd918,0x00000006c8000000)
 Metaspace       used 28434K, capacity 28852K, committed 29184K, reserved 1075200K
  class space    used 3397K, capacity 3550K, committed 3584K, reserved 1048576K
Event: 32.397 GC heap after
Heap after GC invocations=12 (full 1):
 PSYoungGen      total 179712K, used 28659K [0x000000076b780000, 0x000000077f780000, 0x00000007c0000000)
  eden space 151040K, 0% used [0x000000076b780000,0x000000076b780000,0x0000000774b00000)
  from space 28672K, 99% used [0x0000000774b00000,0x00000007766fce80,0x0000000776700000)
  to   space 44544K, 0% used [0x000000077cc00000,0x000000077cc00000,0x000000077f780000)
 ParOldGen       total 92160K, used 70205K [0x00000006c2600000, 0x00000006c8000000, 0x000000076b780000)
  object space 92160K, 76% used [0x00000006c2600000,0x00000006c6a8f518,0x00000006c8000000)
 Metaspace       used 28434K, capacity 28852K, committed 29184K, reserved 1075200K
  class space    used 3397K, capacity 3550K, committed 3584K, reserved 1048576K
}
Event: 32.573 GC heap before
{Heap before GC invocations=13 (full 1):
 PSYoungGen      total 179712K, used 179699K [0x000000076b780000, 0x000000077f780000, 0x00000007c0000000)
  eden space 151040K, 100% used [0x000000076b780000,0x0000000774b00000,0x0000000774b00000)
  from space 28672K, 99% used [0x0000000774b00000,0x00000007766fce80,0x0000000776700000)
  to   space 44544K, 0% used [0x000000077cc00000,0x000000077cc00000,0x000000077f780000)
 ParOldGen       total 92160K, used 70205K [0x00000006c2600000, 0x00000006c8000000, 0x000000076b780000)
  object space 92160K, 76% used [0x00000006c2600000,0x00000006c6a8f518,0x00000006c8000000)
 Metaspace       used 28456K, capacity 28922K, committed 29184K, reserved 1075200K
  class space    used 3398K, capacity 3551K, committed 3584K, reserved 1048576K
Event: 32.610 GC heap after
Heap after GC invocations=13 (full 1):
 PSYoungGen      total 260096K, used 44544K [0x000000076b780000, 0x0000000782500000, 0x00000007c0000000)
  eden space 215552K, 0% used [0x000000076b780000,0x000000076b780000,0x0000000778a00000)
  from space 44544K, 100% used [0x000000077cc00000,0x000000077f780000,0x000000077f780000)
  to   space 67584K, 0% used [0x0000000778a00000,0x0000000778a00000,0x000000077cc00000)
 ParOldGen       total 112128K, used 111774K [0x00000006c2600000, 0x00000006c9380000, 0x000000076b780000)
  object space 112128K, 99% used [0x00000006c2600000,0x00000006c9327908,0x00000006c9380000)
 Metaspace       used 28456K, capacity 28922K, committed 29184K, reserved 1075200K
  class space    used 3398K, capacity 3551K, committed 3584K, reserved 1048576K
}
Event: 32.610 GC heap before
{Heap before GC invocations=14 (full 2):
 PSYoungGen      total 260096K, used 44544K [0x000000076b780000, 0x0000000782500000, 0x00000007c0000000)
  eden space 215552K, 0% used [0x000000076b780000,0x000000076b780000,0x0000000778a00000)
  from space 44544K, 100% used [0x000000077cc00000,0x000000077f780000,0x000000077f780000)
  to   space 67584K, 0% used [0x0000000778a00000,0x0000000778a00000,0x000000077cc00000)
 ParOldGen       total 112128K, used 111774K [0x00000006c2600000, 0x00000006c9380000, 0x000000076b780000)
  object space 112128K, 99% used [0x00000006c2600000,0x00000006c9327908,0x00000006c9380000)
 Metaspace       used 28456K, capacity 28922K, committed 29184K, reserved 1075200K
  class space    used 3398K, capacity 3551K, committed 3584K, reserved 1048576K
Event: 32.976 GC heap after
Heap after GC invocations=14 (full 2):
 PSYoungGen      total 260096K, used 39391K [0x000000076b780000, 0x0000000782500000, 0x00000007c0000000)
  eden space 215552K, 0% used [0x000000076b780000,0x000000076b780000,0x0000000778a00000)
  from space 44544K, 88% used [0x000000077cc00000,0x000000077f277f28,0x000000077f780000)
  to   space 67584K, 0% used [0x0000000778a00000,0x0000000778a00000,0x000000077cc00000)
 ParOldGen       total 230912K, used 111982K [0x00000006c2600000, 0x00000006d0780000, 0x000000076b780000)
  object space 230912K, 48% used [0x00000006c2600000,0x00000006c935ba68,0x00000006d0780000)
 Metaspace       used 28456K, capacity 28922K, committed 29184K, reserved 1075200K
  class space    used 3398K, capacity 3551K, committed 3584K, reserved 1048576K
}
Event: 33.660 GC heap before
{Heap before GC invocations=15 (full 2):
 PSYoungGen      total 260096K, used 247320K [0x000000076b780000, 0x0000000782500000, 0x00000007c0000000)
  eden space 215552K, 96% used [0x000000076b780000,0x000000077828e2e0,0x0000000778a00000)
  from space 44544K, 88% used [0x000000077cc00000,0x000000077f277f28,0x000000077f780000)
  to   space 67584K, 0% used [0x0000000778a00000,0x0000000778a00000,0x000000077cc00000)
 ParOldGen       total 230912K, used 111982K [0x00000006c2600000, 0x00000006d0780000, 0x000000076b780000)
  object space 230912K, 48% used [0x00000006c2600000,0x00000006c935ba68,0x00000006d0780000)
 Metaspace       used 34688K, capacity 35300K, committed 35584K, reserved 1079296K
  class space    used 4842K, capacity 5016K, committed 5120K, reserved 1048576K
Event: 33.741 GC heap after
Heap after GC invocations=15 (full 2):
 PSYoungGen      total 283136K, used 62908K [0x000000076b780000, 0x0000000782500000, 0x00000007c0000000)
  eden space 215552K, 0% used [0x000000076b780000,0x000000076b780000,0x0000000778a00000)
  from space 67584K, 93% used [0x0000000778a00000,0x000000077c76f2f8,0x000000077cc00000)
  to   space 44544K, 0% used [0x000000077cc00000,0x000000077cc00000,0x000000077f780000)
 ParOldGen       total 230912K, used 151558K [0x00000006c2600000, 0x00000006d0780000, 0x000000076b780000)
  object space 230912K, 65% used [0x00000006c2600000,0x00000006cba01a68,0x00000006d0780000)
 Metaspace       used 34688K, capacity 35300K, committed 35584K, reserved 1079296K
  class space    used 4842K, capacity 5016K, committed 5120K, reserved 1048576K
}

