# JRE version: Java(TM) SE Runtime Environment (8.0_211-b12) (build 1.8.0_211-b12)
# Java VM: Java HotSpot(TM) 64-Bit Server VM (25.211-b12 mixed mode windows-amd64 compressed oops)
Heap:
 PSYoungGen      total 112128K, used 5856K [0x000000076b780000, 0x0000000773600000, 0x00000007c0000000)
  eden space 101888K, 3% used [0x000000076b780000,0x000000076ba9eb40,0x0000000771b00000)
  from space 10240K, 25% used [0x0000000772c00000,0x0000000772e994e0,0x0000000773600000)
  to   space 13824K, 0% used [0x0000000771b00000,0x0000000771b00000,0x0000000772880000)
 ParOldGen       total 96256K, used 10157K [0x00000006c2600000, 0x00000006c8400000, 0x000000076b780000)
  object space 96256K, 10% used [0x00000006c2600000,0x00000006c2feb630,0x00000006c8400000)
 Metaspace       used 24723K, capacity 25068K, committed 25472K, reserved 1071104K
  class space    used 2981K, capacity 3116K, committed 3200K, reserved 1048576K
GC Heap History (10 events):
Event: 2.817 GC heap before
{Heap before GC invocations=3 (full 0):
 PSYoungGen      total 75776K, used 73627K [0x000000076b780000, 0x0000000770c00000, 0x00000007c0000000)
  eden space 65024K, 100% used [0x000000076b780000,0x000000076f700000,0x000000076f700000)
  from space 10752K, 80% used [0x0000000770180000,0x00000007709e6e70,0x0000000770c00000)
  to   space 10752K, 0% used [0x000000076f700000,0x000000076f700000,0x0000000770180000)
 ParOldGen       total 173568K, used 96K [0x00000006c2600000, 0x00000006ccf80000, 0x000000076b780000)
  object space 173568K, 0% used [0x00000006c2600000,0x00000006c2618010,0x00000006ccf80000)
 Metaspace       used 18353K, capacity 18670K, committed 19072K, reserved 1067008K
  class space    used 2307K, capacity 2405K, committed 2432K, reserved 1048576K
Event: 2.821 GC heap after
Heap after GC invocations=3 (full 0):
 PSYoungGen      total 75776K, used 9929K [0x000000076b780000, 0x0000000770c00000, 0x00000007c0000000)
  eden space 65024K, 0% used [0x000000076b780000,0x000000076b780000,0x000000076f700000)
  from space 10752K, 92% used [0x000000076f700000,0x00000007700b25a0,0x0000000770180000)
  to   space 10752K, 0% used [0x0000000770180000,0x0000000770180000,0x0000000770c00000)
 ParOldGen       total 173568K, used 104K [0x00000006c2600000, 0x00000006ccf80000, 0x000000076b780000)
  object space 173568K, 0% used [0x00000006c2600000,0x00000006c261a010,0x00000006ccf80000)
 Metaspace       used 18353K, capacity 18670K, committed 19072K, reserved 1067008K
  class space    used 2307K, capacity 2405K, committed 2432K, reserved 1048576K
}
Event: 2.975 GC heap before
{Heap before GC invocations=4 (full 0):
 PSYoungGen      total 75776K, used 56163K [0x000000076b780000, 0x0000000770c00000, 0x00000007c0000000)
  eden space 65024K, 71% used [0x000000076b780000,0x000000076e4a6a38,0x000000076f700000)
  from space 10752K, 92% used [0x000000076f700000,0x00000007700b25a0,0x0000000770180000)
  to   space 10752K, 0% used [0x0000000770180000,0x0000000770180000,0x0000000770c00000)
 ParOldGen       total 173568K, used 104K [0x00000006c2600000, 0x00000006ccf80000, 0x000000076b780000)
  object space 173568K, 0% used [0x00000006c2600000,0x00000006c261a010,0x00000006ccf80000)
 Metaspace       used 20749K, capacity 21006K, committed 21296K, reserved 1069056K
  class space    used 2559K, capacity 2675K, committed 2688K, reserved 1048576K
Event: 2.980 GC heap after
Heap after GC invocations=4 (full 0):
 PSYoungGen      total 75776K, used 10494K [0x000000076b780000, 0x0000000774b80000, 0x00000007c0000000)
  eden space 65024K, 0% used [0x000000076b780000,0x000000076b780000,0x000000076f700000)
  from space 10752K, 97% used [0x0000000770180000,0x0000000770bbf908,0x0000000770c00000)
  to   space 10752K, 0% used [0x000000076f700000,0x000000076f700000,0x0000000770180000)
 ParOldGen       total 173568K, used 112K [0x00000006c2600000, 0x00000006ccf80000, 0x000000076b780000)
  object space 173568K, 0% used [0x00000006c2600000,0x00000006c261c010,0x00000006ccf80000)
 Metaspace       used 20749K, capacity 21006K, committed 21296K, reserved 1069056K
  class space    used 2559K, capacity 2675K, committed 2688K, reserved 1048576K
}
Event: 2.980 GC heap before
{Heap before GC invocations=5 (full 1):
 PSYoungGen      total 75776K, used 10494K [0x000000076b780000, 0x0000000774b80000, 0x00000007c0000000)
  eden space 65024K, 0% used [0x000000076b780000,0x000000076b780000,0x000000076f700000)
  from space 10752K, 97% used [0x0000000770180000,0x0000000770bbf908,0x0000000770c00000)
  to   space 10752K, 0% used [0x000000076f700000,0x000000076f700000,0x0000000770180000)
 ParOldGen       total 173568K, used 112K [0x00000006c2600000, 0x00000006ccf80000, 0x000000076b780000)
  object space 173568K, 0% used [0x00000006c2600000,0x00000006c261c010,0x00000006ccf80000)
 Metaspace       used 20749K, capacity 21006K, committed 21296K, reserved 1069056K
  class space    used 2559K, capacity 2675K, committed 2688K, reserved 1048576K
Event: 2.998 GC heap after
Heap after GC invocations=5 (full 1):
 PSYoungGen      total 75776K, used 0K [0x000000076b780000, 0x0000000774b80000, 0x00000007c0000000)
  eden space 65024K, 0% used [0x000000076b780000,0x000000076b780000,0x000000076f700000)
  from space 10752K, 0% used [0x0000000770180000,0x0000000770180000,0x0000000770c00000)
  to   space 10752K, 0% used [0x000000076f700000,0x000000076f700000,0x0000000770180000)
 ParOldGen       total 96256K, used 10149K [0x00000006c2600000, 0x00000006c8400000, 0x000000076b780000)
  object space 96256K, 10% used [0x00000006c2600000,0x00000006c2fe9630,0x00000006c8400000)
 Metaspace       used 20749K, capacity 21006K, committed 21296K, reserved 1069056K
  class space    used 2559K, capacity 2675K, committed 2688K, reserved 1048576K
}
Event: 3.893 GC heap before
{Heap before GC invocations=6 (full 1):
 PSYoungGen      total 75776K, used 65024K [0x000000076b780000, 0x0000000774b80000, 0x00000007c0000000)
  eden space 65024K, 100% used [0x000000076b780000,0x000000076f700000,0x000000076f700000)
  from space 10752K, 0% used [0x0000000770180000,0x0000000770180000,0x0000000770c00000)
  to   space 10752K, 0% used [0x000000076f700000,0x000000076f700000,0x0000000770180000)
 ParOldGen       total 96256K, used 10149K [0x00000006c2600000, 0x00000006c8400000, 0x000000076b780000)
  object space 96256K, 10% used [0x00000006c2600000,0x00000006c2fe9630,0x00000006c8400000)
 Metaspace       used 24291K, capacity 24666K, committed 25216K, reserved 1071104K
  class space    used 2978K, capacity 3113K, committed 3200K, reserved 1048576K
Event: 3.895 GC heap after
Heap after GC invocations=6 (full 1):
 PSYoungGen      total 75776K, used 3890K [0x000000076b780000, 0x0000000773900000, 0x00000007c0000000)
  eden space 65024K, 0% used [0x000000076b780000,0x000000076b780000,0x000000076f700000)
  from space 10752K, 36% used [0x000000076f700000,0x000000076facc8b0,0x0000000770180000)
  to   space 13312K, 0% used [0x0000000772c00000,0x0000000772c00000,0x0000000773900000)
 ParOldGen       total 96256K, used 10157K [0x00000006c2600000, 0x00000006c8400000, 0x000000076b780000)
  object space 96256K, 10% used [0x00000006c2600000,0x00000006c2feb630,0x00000006c8400000)
 Metaspace       used 24291K, capacity 24666K, committed 25216K, reserved 1071104K
  class space    used 2978K, capacity 3113K, committed 3200K, reserved 1048576K
}
Event: 13.435 GC heap before
{Heap before GC invocations=7 (full 1):
 PSYoungGen      total 75776K, used 68914K [0x000000076b780000, 0x0000000773900000, 0x00000007c0000000)
  eden space 65024K, 100% used [0x000000076b780000,0x000000076f700000,0x000000076f700000)
  from space 10752K, 36% used [0x000000076f700000,0x000000076facc8b0,0x0000000770180000)
  to   space 13312K, 0% used [0x0000000772c00000,0x0000000772c00000,0x0000000773900000)
 ParOldGen       total 96256K, used 10157K [0x00000006c2600000, 0x00000006c8400000, 0x000000076b780000)
  object space 96256K, 10% used [0x00000006c2600000,0x00000006c2feb630,0x00000006c8400000)
 Metaspace       used 24718K, capacity 25068K, committed 25472K, reserved 1071104K
  class space    used 2981K, capacity 3116K, committed 3200K, reserved 1048576K
Event: 13.438 GC heap after
Heap after GC invocations=7 (full 1):
 PSYoungGen      total 112128K, used 2661K [0x000000076b780000, 0x0000000773600000, 0x00000007c0000000)
  eden space 101888K, 0% used [0x000000076b780000,0x000000076b780000,0x0000000771b00000)
  from space 10240K, 25% used [0x0000000772c00000,0x0000000772e994e0,0x0000000773600000)
  to   space 13824K, 0% used [0x0000000771b00000,0x0000000771b00000,0x0000000772880000)
 ParOldGen       total 96256K, used 10157K [0x00000006c2600000, 0x00000006c8400000, 0x000000076b780000)
  object space 96256K, 10% used [0x00000006c2600000,0x00000006c2feb630,0x00000006c8400000)
 Metaspace       used 24718K, capacity 25068K, committed 25472K, reserved 1071104K
  class space    used 2981K, capacity 3116K, committed 3200K, reserved 1048576K
}

