# JRE version: Java(TM) SE Runtime Environment (8.0_211-b12) (build 1.8.0_211-b12)
# Java VM: Java HotSpot(TM) 64-Bit Server VM (25.211-b12 mixed mode windows-amd64 compressed oops)
Heap:
 PSYoungGen      total 252416K, used 42968K [0x000000076b780000, 0x0000000788a80000, 0x00000007c0000000)
  eden space 215552K, 5% used [0x000000076b780000,0x000000076c300378,0x0000000778a00000)
  from space 36864K, 84% used [0x0000000778a00000,0x000000077a875cb0,0x000000077ae00000)
  to   space 72704K, 0% used [0x0000000784380000,0x0000000784380000,0x0000000788a80000)
 ParOldGen       total 126976K, used 126895K [0x00000006c2600000, 0x00000006ca200000, 0x000000076b780000)
  object space 126976K, 99% used [0x00000006c2600000,0x00000006ca1ebf88,0x00000006ca200000)
 Metaspace       used 28804K, capacity 29234K, committed 29568K, reserved 1075200K
  class space    used 3429K, capacity 3587K, committed 3712K, reserved 1048576K
GC Heap History (10 events):
Event: 30.096 GC heap before
{Heap before GC invocations=9 (full 1):
 PSYoungGen      total 116224K, used 103159K [0x000000076b780000, 0x0000000776880000, 0x00000007c0000000)
  eden space 102400K, 96% used [0x000000076b780000,0x00000007718262e8,0x0000000771b80000)
  from space 13824K, 30% used [0x0000000771b80000,0x0000000771f97ba0,0x0000000772900000)
  to   space 13312K, 0% used [0x0000000775b80000,0x0000000775b80000,0x0000000776880000)
 ParOldGen       total 95232K, used 10098K [0x00000006c2600000, 0x00000006c8300000, 0x000000076b780000)
  object space 95232K, 10% used [0x00000006c2600000,0x00000006c2fdcb30,0x00000006c8300000)
 Metaspace       used 26237K, capacity 26592K, committed 27136K, reserved 1073152K
  class space    used 3118K, capacity 3220K, committed 3328K, reserved 1048576K
Event: 30.101 GC heap after
Heap after GC invocations=9 (full 1):
 PSYoungGen      total 164864K, used 13294K [0x000000076b780000, 0x0000000776d00000, 0x00000007c0000000)
  eden space 151552K, 0% used [0x000000076b780000,0x000000076b780000,0x0000000774b80000)
  from space 13312K, 99% used [0x0000000775b80000,0x000000077687bac8,0x0000000776880000)
  to   space 16384K, 0% used [0x0000000774b80000,0x0000000774b80000,0x0000000775b80000)
 ParOldGen       total 95232K, used 11909K [0x00000006c2600000, 0x00000006c8300000, 0x000000076b780000)
  object space 95232K, 12% used [0x00000006c2600000,0x00000006c31a16b0,0x00000006c8300000)
 Metaspace       used 26237K, capacity 26592K, committed 27136K, reserved 1073152K
  class space    used 3118K, capacity 3220K, committed 3328K, reserved 1048576K
}
Event: 30.209 GC heap before
{Heap before GC invocations=10 (full 1):
 PSYoungGen      total 164864K, used 151161K [0x000000076b780000, 0x0000000776d00000, 0x00000007c0000000)
  eden space 151552K, 90% used [0x000000076b780000,0x0000000773e22b08,0x0000000774b80000)
  from space 13312K, 99% used [0x0000000775b80000,0x000000077687bac8,0x0000000776880000)
  to   space 16384K, 0% used [0x0000000774b80000,0x0000000774b80000,0x0000000775b80000)
 ParOldGen       total 95232K, used 11909K [0x00000006c2600000, 0x00000006c8300000, 0x000000076b780000)
  object space 95232K, 12% used [0x00000006c2600000,0x00000006c31a16b0,0x00000006c8300000)
 Metaspace       used 26239K, capacity 26592K, committed 27136K, reserved 1073152K
  class space    used 3118K, capacity 3220K, committed 3328K, reserved 1048576K
Event: 30.219 GC heap after
Heap after GC invocations=10 (full 1):
 PSYoungGen      total 167936K, used 16354K [0x000000076b780000, 0x000000077c800000, 0x00000007c0000000)
  eden space 151552K, 0% used [0x000000076b780000,0x000000076b780000,0x0000000774b80000)
  from space 16384K, 99% used [0x0000000774b80000,0x0000000775b78b78,0x0000000775b80000)
  to   space 26624K, 0% used [0x000000077ae00000,0x000000077ae00000,0x000000077c800000)
 ParOldGen       total 95232K, used 30534K [0x00000006c2600000, 0x00000006c8300000, 0x000000076b780000)
  object space 95232K, 32% used [0x00000006c2600000,0x00000006c43d1a50,0x00000006c8300000)
 Metaspace       used 26239K, capacity 26592K, committed 27136K, reserved 1073152K
  class space    used 3118K, capacity 3220K, committed 3328K, reserved 1048576K
}
Event: 30.470 GC heap before
{Heap before GC invocations=11 (full 1):
 PSYoungGen      total 167936K, used 167906K [0x000000076b780000, 0x000000077c800000, 0x00000007c0000000)
  eden space 151552K, 100% used [0x000000076b780000,0x0000000774b80000,0x0000000774b80000)
  from space 16384K, 99% used [0x0000000774b80000,0x0000000775b78b78,0x0000000775b80000)
  to   space 26624K, 0% used [0x000000077ae00000,0x000000077ae00000,0x000000077c800000)
 ParOldGen       total 95232K, used 30534K [0x00000006c2600000, 0x00000006c8300000, 0x000000076b780000)
  object space 95232K, 32% used [0x00000006c2600000,0x00000006c43d1a50,0x00000006c8300000)
 Metaspace       used 28247K, capacity 28720K, committed 29184K, reserved 1075200K
  class space    used 3373K, capacity 3528K, committed 3584K, reserved 1048576K
Event: 30.482 GC heap after
Heap after GC invocations=11 (full 1):
 PSYoungGen      total 242176K, used 26616K [0x000000076b780000, 0x000000077de80000, 0x00000007c0000000)
  eden space 215552K, 0% used [0x000000076b780000,0x000000076b780000,0x0000000778a00000)
  from space 26624K, 99% used [0x000000077ae00000,0x000000077c7fe3a8,0x000000077c800000)
  to   space 36864K, 0% used [0x0000000778a00000,0x0000000778a00000,0x000000077ae00000)
 ParOldGen       total 95232K, used 46578K [0x00000006c2600000, 0x00000006c8300000, 0x000000076b780000)
  object space 95232K, 48% used [0x00000006c2600000,0x00000006c537cbe0,0x00000006c8300000)
 Metaspace       used 28247K, capacity 28720K, committed 29184K, reserved 1075200K
  class space    used 3373K, capacity 3528K, committed 3584K, reserved 1048576K
}
Event: 30.805 GC heap before
{Heap before GC invocations=12 (full 1):
 PSYoungGen      total 242176K, used 242168K [0x000000076b780000, 0x000000077de80000, 0x00000007c0000000)
  eden space 215552K, 100% used [0x000000076b780000,0x0000000778a00000,0x0000000778a00000)
  from space 26624K, 99% used [0x000000077ae00000,0x000000077c7fe3a8,0x000000077c800000)
  to   space 36864K, 0% used [0x0000000778a00000,0x0000000778a00000,0x000000077ae00000)
 ParOldGen       total 95232K, used 46578K [0x00000006c2600000, 0x00000006c8300000, 0x000000076b780000)
  object space 95232K, 48% used [0x00000006c2600000,0x00000006c537cbe0,0x00000006c8300000)
 Metaspace       used 28497K, capacity 28922K, committed 29184K, reserved 1075200K
  class space    used 3401K, capacity 3551K, committed 3584K, reserved 1048576K
Event: 30.852 GC heap after
Heap after GC invocations=12 (full 1):
 PSYoungGen      total 252416K, used 36854K [0x000000076b780000, 0x0000000788a80000, 0x00000007c0000000)
  eden space 215552K, 0% used [0x000000076b780000,0x000000076b780000,0x0000000778a00000)
  from space 36864K, 99% used [0x0000000778a00000,0x000000077adfd860,0x000000077ae00000)
  to   space 72704K, 0% used [0x0000000784380000,0x0000000784380000,0x0000000788a80000)
 ParOldGen       total 126976K, used 126575K [0x00000006c2600000, 0x00000006ca200000, 0x000000076b780000)
  object space 126976K, 99% used [0x00000006c2600000,0x00000006ca19bd18,0x00000006ca200000)
 Metaspace       used 28497K, capacity 28922K, committed 29184K, reserved 1075200K
  class space    used 3401K, capacity 3551K, committed 3584K, reserved 1048576K
}
Event: 30.852 GC heap before
{Heap before GC invocations=13 (full 2):
 PSYoungGen      total 252416K, used 36854K [0x000000076b780000, 0x0000000788a80000, 0x00000007c0000000)
  eden space 215552K, 0% used [0x000000076b780000,0x000000076b780000,0x0000000778a00000)
  from space 36864K, 99% used [0x0000000778a00000,0x000000077adfd860,0x000000077ae00000)
  to   space 72704K, 0% used [0x0000000784380000,0x0000000784380000,0x0000000788a80000)
 ParOldGen       total 126976K, used 126575K [0x00000006c2600000, 0x00000006ca200000, 0x000000076b780000)
  object space 126976K, 99% used [0x00000006c2600000,0x00000006ca19bd18,0x00000006ca200000)
 Metaspace       used 28497K, capacity 28922K, committed 29184K, reserved 1075200K
  class space    used 3401K, capacity 3551K, committed 3584K, reserved 1048576K
Event: 31.219 GC heap after
Heap after GC invocations=13 (full 2):
 PSYoungGen      total 252416K, used 31191K [0x000000076b780000, 0x0000000788a80000, 0x00000007c0000000)
  eden space 215552K, 0% used [0x000000076b780000,0x000000076b780000,0x0000000778a00000)
  from space 36864K, 84% used [0x0000000778a00000,0x000000077a875cb0,0x000000077ae00000)
  to   space 72704K, 0% used [0x0000000784380000,0x0000000784380000,0x0000000788a80000)
 ParOldGen       total 126976K, used 126895K [0x00000006c2600000, 0x00000006ca200000, 0x000000076b780000)
  object space 126976K, 99% used [0x00000006c2600000,0x00000006ca1ebf88,0x00000006ca200000)
 Metaspace       used 28497K, capacity 28922K, committed 29184K, reserved 1075200K
  class space    used 3401K, capacity 3551K, committed 3584K, reserved 1048576K
}

